e:\sfedu\labs\oop\lab2\lab2\debug\vc142.pdb
e:\sfedu\labs\oop\lab2\lab2\debug\vc142.idb
e:\sfedu\labs\oop\lab2\lab2\debug\triad.obj
e:\sfedu\labs\oop\lab2\lab2\debug\time.obj
e:\sfedu\labs\oop\lab2\lab2\debug\memories.obj
e:\sfedu\labs\oop\lab2\lab2\debug\lab2.obj
e:\sfedu\labs\oop\lab2\lab2\debug\date.obj
e:\sfedu\labs\oop\lab2\lab2\debug\interaction.obj
e:\sfedu\labs\oop\lab2\lab2\debug\pare.obj
e:\sfedu\labs\oop\lab2\lab2\debug\lab2.exe
e:\sfedu\labs\oop\lab2\lab2\debug\lab2.ilk
e:\sfedu\labs\oop\lab2\lab2\debug\lab2.pdb
e:\sfedu\labs\oop\lab2\lab2\debug\lab2.res
e:\sfedu\labs\oop\lab2\lab2\debug\lab2.tlog\cl.command.1.tlog
e:\sfedu\labs\oop\lab2\lab2\debug\lab2.tlog\cl.read.1.tlog
e:\sfedu\labs\oop\lab2\lab2\debug\lab2.tlog\cl.write.1.tlog
e:\sfedu\labs\oop\lab2\lab2\debug\lab2.tlog\link.command.1.tlog
e:\sfedu\labs\oop\lab2\lab2\debug\lab2.tlog\link.read.1.tlog
e:\sfedu\labs\oop\lab2\lab2\debug\lab2.tlog\link.write.1.tlog
e:\sfedu\labs\oop\lab2\lab2\debug\lab2.tlog\rc.command.1.tlog
e:\sfedu\labs\oop\lab2\lab2\debug\lab2.tlog\rc.read.1.tlog
e:\sfedu\labs\oop\lab2\lab2\debug\lab2.tlog\rc.write.1.tlog
